

        **********************************************************
        ** PROGRAM FullProf.2k (Version 6.20 - Jan2018-ILL JRC) **
        **********************************************************
                       M U L T I -- P A T T E R N                 
            Rietveld, Profile Matching & Integrated Intensity     
                 Refinement of X-ray and/or Neutron Data


    Date: 01/07/2022  Time: 18:04:00.795                              

 => PCR file code: srsclrrt
 => DAT file code: srsclrrt.dat         -> Relative contribution: 1.0000                                                            

 ==> CONDITIONS OF THIS RUN FOR PATTERN No.:  1

 => Global Refinement of neutron powder data                                                                                        
 => Title:  SrScLRRT I2/M LR RT

 => Number of phases:    1
 => Number of excluded regions:    2
 => Number of scattering factors supplied:    0
 => Conventional weights: w=1.0/Variance(yobs)
 => Asymmetry correction as in J.Appl.Cryst. 26,128(1993)
 => Background linearly interpolated between the   33 points given
 => The    7th default profile function was selected
 => T-C-H Pseudo-Voigt function 
    This function is convoluted with asymmetry due to axial 
    divergence as formulated by: 
    van Laar and Yelon, J. Appl. Cryst. 17, 47(1984).
    and using the method of:
    Finger, Cox and Jephcoat, J. Appl. Cryst. 27, 892 (1994).
    Fortran 90 module adapted from function PROFVAL (in F77) : 
    L.W. Finger, J. Appl. Cryst. 31, 111 (1998).


 ==> INPUT/OUTPUT OPTIONS:

 => Generate file *.PRF for plot
 => Output Integrated Intensities
 => Generate new input file *.PCR

 => Data supplied in free format for pattern:  1
 => Plot pattern at each cycle
 => Wavelengths:  1.59509 1.59509
 => Alpha2/Alpha1 ratio:   0.0000
 => Cos(Monochromator angle)=   0.0000
 => Asymmetry correction for angles lower than   50.000 degrees
 => Absorption correction (AC), muR-eff =   0.0000  0.0000
 => Base of peaks: 2.0*HW*   30.00

 => Number of cycles:   10
 => Relaxation factors ==>    for coordinates:  0.80
 => for anisotropic temperature factors:  0.80
 => for halfwidth/strain/size parameters:  0.80
 => for lattice constants and propagation vectors:  0.80
 => EPS-value for convergence:    0.2
 => Background ==> 
    Position   Intensity
       11.20      316.67        0.00
       14.25      285.33        0.00
       17.20      265.00        0.00
       20.95      258.33        0.00
       25.30      239.67        0.00
       29.05      232.67        0.00
       33.75      231.33        0.00
       35.05      226.00        0.00
       37.15      235.67        0.00
       41.30      230.00        0.00
       43.00      239.67        0.00
       49.20      227.67        0.00
       53.55      225.00        0.00
       55.40      215.67        0.00
       59.30      225.33        0.00
       63.00      228.33        0.00
       66.35      252.00        0.00
       70.25      249.00        0.00
       74.45      239.00        0.00
       79.65      251.00        0.00

       84.55      254.67        0.00
       94.20      261.67        0.00
       97.70      266.33        0.00
      102.15      265.67        0.00
      111.80      290.33        0.00
      116.30      299.33        0.00
      120.65      303.33        0.00
      123.85      286.67        0.00
      128.50      283.67        0.00
      134.80      265.33        0.00
      144.85      292.33        0.00
      149.55      277.00        0.00
      157.00      278.67        0.00

 

 => Excluded regions for Pattern#  1
    From     to
      0.0000     17.5000
    150.0000    161.0000

 => Number of Least-Squares parameters varied:     0

 =>--------------------------->
 =>------->  PATTERN number:  1
 =>--------------------------->
 => Global parameters and codes ==>
 => Zero-point:     0.0848   21.0000
 => Perpendicular Displacement parameter and code:     0.00    0.00
 => Parallel      Displacement parameter and code:     0.00    0.00

 => Reading Intensity data  =>>

 ==> Angular range, step and number of points:
     2Thmin:       0.000000  2Thmax:     159.900009  Step:       0.050000  No. of points:   3199
 --------------------------------------------------------------------------------
 => Phase  No. 1
           Sr2 Sc Sb O6                                                     
 --------------------------------------------------------------------------------
 =>-------> Pattern#  1
 => Crystal Structure Refinement
 => Preferred orientation vector:   1.0000  0.0000  0.0000

 =>-------> Data for PHASE: 1
 => Number of atoms:    6
 => Number of distance  constraints:    0
 => Number of angle     constraints:    0

 => Symmetry information on space group: P 1 21/N 1          
 -> The multiplicity of the general position is:   4
 -> The space group is Centric (-1 at origin)   
 -> Lattice type  P: { 000 }                                       
 -> Reduced set of symmetry operators:

  No.  IT   Symmetry symbol    Rotation part     Associated Translation
   1: ( 1)   1            -->     ( x, y, z) + {  0.0000  0.0000  0.0000}
   2: ( 3)   2 ( 0, y, 0) -->     (-x, y,-z) + {  0.5000  0.5000  0.5000}


        Information on Space Group: 
        --------------------------- 

 =>   Number of Space group:  14
 =>  Hermann-Mauguin Symbol: P 1 21/n 1
 =>             Hall Symbol: -P 2yn
 =>    Table Setting Choice: b2
 =>            Setting Type: IT (Generated from Hermann-Mauguin symbol)
 =>          Crystal System: Monoclinic
 =>              Laue Class: 2/m
 =>             Point Group: 2/m
 =>         Bravais Lattice: P
 =>          Lattice Symbol: mP
 =>  Reduced Number of S.O.:   2
 =>    General multiplicity:   4
 =>          Centrosymmetry: Centric (-1 at origin)
 =>  Generators (exc. -1&L):   1
 =>         Asymmetric unit:  0.000 <= x <=  1.000
                              0.000 <= y <=  0.250
                              0.000 <= z <=  1.000

 => List of S.O. without inversion and lattice centring translations
 => SYMM(  1): x,y,z                               => SYMM(  2): -x+1/2,y+1/2,-z+1/2


 => Initial parameters ==>
 Atom    Ntyp                  X         Y         Z         B         occ.         in  fin  Spc  Mult
                             B11       B22       B33       B12       B13       B23
 Sb     SB                 0.00000   0.50000   0.00000   0.14020   0.50000           0    0    1    2
                 Codes:    0.00000   0.00000   0.00000 271.00000   0.00000
 Sc     SC                 0.50000   0.00000   0.00000   0.14020   0.50000           0    0    2    2
                 Codes:    0.00000   0.00000   0.00000 271.00000   0.00000
 Sr     SR                 0.00023   0.00977   0.25025   0.32583   1.00000           0    0    3    4
                 Codes:  131.00000 141.00000 151.00000 261.00000   0.00000
 O1     O                  0.25933   0.27162   0.02536   0.49182   1.00000           0    0    4    4
                 Codes:  161.00000 171.00000 181.00000 251.00000   0.00000
 O2     O                  0.27538   0.26338   0.47468   0.49182   1.00000           0    0    4    4
                 Codes:  191.00000 201.00000 211.00000 251.00000   0.00000
 O3     O                  0.94813   0.49532   0.24404   0.49182   1.00000           0    0    4    4
                 Codes:  221.00000 231.00000 241.00000 251.00000   0.00000

 => IT IS ASSUMED THAT THE FIRST GIVEN SITE IS FULLY OCCUPIED 
    OR THE FIRST AND SECOND ATOMS ARE IN THE SAME SITE WITH TOTAL FULL OCCUPATION
  (If this is not the case, change the order of atoms to obtain correct values for the content of the unit cell)
    The given occupation factors have been obtained mutiplying m/M by   1.0000
      -> Atom: SB  ,  Chemical element: SB  Atomic Mass:   121.7500
      -> Atom: SC  ,  Chemical element: SC  Atomic Mass:    44.9559
      -> Atom: SR  ,  Chemical element: SR  Atomic Mass:    87.6200
      -> Atom: O   ,  Chemical element: O   Atomic Mass:    15.9994
      -> Atom: O   ,  Chemical element: O   Atomic Mass:    15.9994
      -> Atom: O   ,  Chemical element: O   Atomic Mass:    15.9994
 => The given value of ATZ is        875.89 the program has calculated:         875.88
    The value of ATZ given in the input PCR file will be used for quantitative analysis
 => The chemical content of the unit cell is: 
       2.0000 SB   +   2.0000 SC   +   4.0000 SR   +   4.0000 O    +   4.0000 O    +   4.0000 O      
 => The normalized site occupation numbers in % are: 
     100.0000 Sb     :      100.0000 Sc     :      100.0000 Sr     :      100.0000 O1     :      100.0000 O2     :      100.0000 O3       
 => The density (volumic mass) of the compound is:    5.603 g/cm3

 =>-------> PROFILE PARAMETERS FOR PATTERN:  1

 => Overall scale factor:    1.09280    
 => ETA (p-Voigt) OR M (Pearson VII):   0.0000
 => Overall temperature factor:      0.00000
 => Halfwidth U,V,W:      0.15072    -0.41968     0.38043
 => X and Y parameters:       0.0434      0.0000
 => Direct cell parameters:    5.6944   5.6802   8.0262  90.0000  90.0511  90.0000
 => Preferred orientation parameters:   0.0000  0.0000
 => Asymmetry parameters     :      0.08266     0.01820     0.00000     0.00000
 => Strain parameters        :      0.00000     0.00000     0.00000
 => Size   parameters        :      0.00000     0.00000
 => Further shape parameters (S_L and D_L):   0.00000   0.00000
    S_L is source width/detector distance
    D_L is detector width/detector distance

 ==> CODEWORDS FOR PROFILE PARAMETERS of PATTERN#  1

 => Overall scale factor:   11.000
 => ETA (p-Voigt) OR M (Pearson VII):    0.000
 => Overall temperature factor:    0.000
 => Halfwidth U,V,W:   81.000  71.000  61.000
 => X and Y parameters:   91.000   0.000
 => Direct cell parameters:   31.000  41.000  51.000   0.000 121.000   0.000
 => Preferred orientation parameters:    0.000   0.000
 => Asymmetry parameters     :  101.000 111.000   0.000   0.000
 => Strain parameters        :    0.000   0.000   0.000
 => Size   parameters        :    0.000   0.000

 => Cell constraints according to Laue symmetry: 2/m  

        Metric information:
        -------------------

 => Direct cell parameters:

         a =       5.6944      b =       5.6802      c =       8.0262
     alpha =       90.000   beta =       90.051  gamma =       90.000
                        Direct Cell Volume =     259.6067

 => Reciprocal cell parameters:

         a*=     0.175612      b*=     0.176051      c*=     0.124592
     alpha*=       90.000   beta*=       89.949  gamma*=       90.000
                    Reciprocal Cell Volume =   0.00385198

 => Direct and Reciprocal Metric Tensors:

                   GD                                       GR
     32.4259      0.0000     -0.0408          0.030840    0.000000    0.000020
      0.0000     32.2642      0.0000          0.000000    0.030994    0.000000
     -0.0408      0.0000     64.4197          0.000020    0.000000    0.015523

 =>  Cartesian frame: x // a; y is in the ab-plane; z is x ^ y   

     Crystal_to_Orthonormal_Matrix              Orthonormal_to_Crystal Matrix
              Cr_Orth_cel                               Orth_Cr_cel  
      5.6944      0.0000     -0.0072          0.175612    0.000000    0.000157
      0.0000      5.6802      0.0000          0.000000    0.176051    0.000000
      0.0000      0.0000      8.0262          0.000000    0.000000    0.124592

     Busing-Levy B-matrix: Hc=B.H            Inverse of the Busing-Levy B-matrix
                BL_M                                      BL_Minv  
    0.175612    0.000000    0.000111            5.6944      0.0000     -0.0051
    0.000000    0.176051    0.000000            0.0000      5.6802      0.0000
    0.000000    0.000000    0.124592            0.0000      0.0000      8.0262

 => Laue symmetry 2/m   will be used to generate HKL for pattern#   1
 => Reflections generated between S(1/d)min:  0.0020 A-1 and S(1/d)max:  1.2538 A-1
 =>                                    dmax:500.0000 A   and      dmin:  0.7975 A
 => The number of reflections generated is:    540
 => The max. scatt. variable (gen.ref.) is:       179.0000
 => Scattering coefficients from internal table

 => Scattering lengths:

 SB     0.5570
 SC     1.2290
 SR     0.7020
 O      0.5803
  
 => Zero counts at step no.      1 at 2theta/TOF/E(KeV):         0.0000  Intensity fixed to 1.0 and variance to 1E6
 => Zero counts at step no.      2 at 2theta/TOF/E(KeV):         0.0500  Intensity fixed to 1.0 and variance to 1E6
 
 => No optimization for routine tasks


   Standard deviations have to be multiplied by: 3.3266
   (correlated residuals) See references:
  -J.F.Berar & P.Lelann, J. Appl. Cryst. 24, 1-5 (1991) 
  -J.F.Berar, Acc. in Pow. Diff. II,NIST Sp.Pub. 846, 63(1992) 

 ++++++++++++++++++++++++++++++++++++++++++++++++++++++++++++++++++++++++++++++++++++++++++++++++++++++++++++++++++++++++

 => CYCLE No.:    1
 =>  Convergence reached at this CYCLE !!!!
 =>  Parameter shifts set to zero
 ---------------------------------------------------------------------------------------
 => Phase  1 Name:      Sr2 Sc Sb O6                                                     
 ---------------------------------------------------------------------------------------
 => New parameters, shifts, and standard deviations

 Atom        x       dx      sx       y       dy      sy       z       dz      sz       B       dB      sB      occ.    docc.   socc.

 Sb       0.00000 0.00000 0.00000  0.50000 0.00000 0.00000  0.00000 0.00000 0.00000  0.14020 0.00000 0.00000  0.50000 0.00000 0.00000
 Sc       0.50000 0.00000 0.00000  0.00000 0.00000 0.00000  0.00000 0.00000 0.00000  0.14020 0.00000 0.00000  0.50000 0.00000 0.00000
 Sr       0.00023 0.00000 0.00000  0.00977 0.00000 0.00000  0.25025 0.00000 0.00000  0.32583 0.00000 0.00000  1.00000 0.00000 0.00000
 O1       0.25933 0.00000 0.00000  0.27162 0.00000 0.00000  0.02536 0.00000 0.00000  0.49182 0.00000 0.00000  1.00000 0.00000 0.00000
 O2       0.27538 0.00000 0.00000  0.26338 0.00000 0.00000  0.47468 0.00000 0.00000  0.49182 0.00000 0.00000  1.00000 0.00000 0.00000
 O3       0.94813 0.00000 0.00000  0.49532 0.00000 0.00000  0.24404 0.00000 0.00000  0.49182 0.00000 0.00000  1.00000 0.00000 0.00000

 ==> PROFILE PARAMETERS FOR PATTERN#  1

 => Overall scale factor:      1.092800021     0.000000000     0.000000000
 => Eta(p-Voigt) or m(Pearson VII):   0.000000  0.000000  0.000000
 => Overall tem. factor:     0.000000    0.000000    0.000000
 => Halfwidth parameters: 
         0.150718    0.000000    0.000000
        -0.419684    0.000000    0.000000
         0.380425    0.000000    0.000000
 => Cell parameters: 
        5.694377    0.000000    0.000000
        5.680159    0.000000    0.000000
        8.026190    0.000000    0.000000
       90.000000    0.000000    0.000000
       90.051155    0.000000    0.000000
       90.000000    0.000000    0.000000
 => Preferred orientation: 
         0.000000    0.000000    0.000000
         0.000000    0.000000    0.000000
 => Asymmetry parameters: 
         0.082660    0.000000    0.000000
         0.018200    0.000000    0.000000
         0.000000    0.000000    0.000000
         0.000000    0.000000    0.000000
 => X and Y parameters: 
         0.043435    0.000000    0.000000
         0.000000    0.000000    0.000000
 => Strain parameters: 
         0.000000    0.000000    0.000000
         0.000000    0.000000    0.000000
         0.000000    0.000000    0.000000
 => Size   parameters (G,L): 
         0.000000    0.000000    0.000000
         0.000000    0.000000    0.000000
 => Further shape parameters (S_L and D_L): 
       0.000000  0.000000  0.000000
       0.000000  0.000000  0.000000

 ==> GLOBAL PARAMETERS FOR PATTERN#  1


 => Zero-point:     0.0848    0.0000    0.0000

 => Cos(2theta)-shift parameter :   0.0000  0.0000  0.0000
 => Sin(2theta)-shift parameter :   0.0000  0.0000  0.0000

 ==> RELIABILITY FACTORS WITH ALL NON-EXCLUDED POINTS FOR PATTERN:  1

 => R-Factors:   4.77      6.40     Chi2:  2.05     DW-Stat.:  0.1195   Patt#:  1
 => Expected :            4.47                                1.8792
 => Deviance : 0.551E+04     Dev*:   2.080    
 => GoF-index:  1.4         Sqrt(Residual/N)
 => N-P+C:  2649

 =>    SumYdif       SumYobs      SumYcal      SumwYobsSQ     Residual    Condition
     0.6326E+05    0.1325E+07    0.1320E+07    0.1325E+07     5420.         0.000    


 => Conventional Rietveld Rp,Rwp,Re and Chi2:   9.85      10.6      7.40      2.046    
 => (Values obtained using Ynet, but true sigma(y))
 =>  SumYnet, Sum(w Ynet**2):     0.6425E+06    0.4843E+06

 => N-sigma of the GoF:   38.069

 ==> RELIABILITY FACTORS FOR POINTS WITH BRAGG CONTRIBUTIONS FOR PATTERN:  1

 => R-Factors:   4.77      6.40     Chi2:  2.05     DW-Stat.:  0.1195   Patt#:
 => Expected :            4.47                                1.8792
 => Deviance : 0.551E+04     Dev*:   2.080    
 => GoF-index:  1.4         Sqrt(Residual/N)
 => N-P+C:  2649

 =>    SumYdif       SumYobs      SumYcal      SumwYobsSQ     Residual    Condition
     0.6326E+05    0.1325E+07    0.1320E+07    0.1325E+07     5420.         0.000    


 => Conventional Rietveld Rp,Rwp,Re and Chi2:   9.85      10.6      7.40      2.046    
 => (Values obtained using Ynet, but true sigma(y))
 =>  SumYnet, Sum(w Ynet**2):     0.6425E+06    0.4843E+06

 => N-sigma of the GoF:       38.069

 => Global user-weigthed Chi2 (Bragg contrib.):   2.05    

 => ---------> Pattern#  1
 => Phase:  1
 =>    Bragg R-factor:  6.11    
 =>    RF-factor     :  4.25    

 --------------------------------------------------------------------------------------------------------------
 Pattern#  1 Phase No.:   1 Phase name:      Sr2 Sc Sb O6             
 --------------------------------------------------------------------------------------------------------------

   No.  Code     H   K   L  Mult     Hw         2theta      Icalc       Iobs      Sigma      HwG     HwL       ETA       d-hkl        CORR

      1   1     -1   0   1     2  0.562524      19.768       41.0       28.4      8.841  0.558457  0.007568  0.018292  4.646205     34.449348
      2   1      1   0   1     2  0.562478      19.785       39.7       27.2      8.679  0.558407  0.007575  0.018310  4.642292     34.392220
      3   1      0   1   1     4  0.562410      19.810       96.3       65.1     21.322  0.558334  0.007584  0.018335  4.636526     68.616257
      4   1      1   1   0     4  0.553973      22.878      479.2      466.2     14.107  0.549251  0.008789  0.021552  4.021495     51.880951
      5   1      0   0   2     2  0.553839      22.926      229.0      222.2      7.272  0.549107  0.008808  0.021604  4.013093     25.834408
      6   1     -1   1   1     4  0.546390      25.626        1.0        2.6      4.520  0.541085  0.009878  0.024542  3.596336     41.705276
      7   1      1   1   1     4  0.546353      25.639        1.3        3.4      6.037  0.541045  0.009884  0.024556  3.594521     41.664268
      8   1      0   1   2     4  0.539352      28.167        0.0        0.0      0.065  0.533501  0.010897  0.027404  3.277597     34.824471
      9   1      2   0   0     2  0.527182      32.534      199.9      194.4      5.617  0.520380  0.012674  0.032567  2.847187     13.275959
     10   1     -1   1   2     4  0.526996      32.601      487.9      467.4     19.965  0.520179  0.012702  0.032648  2.841547     26.451294
     11   1      0   2   0     2  0.526947      32.618      247.6      237.0     10.308  0.520127  0.012709  0.032669  2.840080     13.212576
     12   1      1   1   2     4  0.526937      32.622      495.5      474.3     20.644  0.520115  0.012710  0.032674  2.839756     26.419394
     13   1      0   2   1     4  0.521218      34.661        0.1        0.1      0.224  0.513946  0.013554  0.035201  2.677402     23.611502
     14   1      2   1   0     4  0.515977      36.521       24.2       23.4      2.242  0.508289  0.014332  0.037576  2.545326     21.450956
     15   1      1   2   0     4  0.515817      36.578       20.8       19.8      2.011  0.508116  0.014355  0.037650  2.541512     21.390209
     16   1     -2   1   1     4  0.510737      38.373      166.4      157.7      8.517  0.502631  0.015114  0.040009  2.426803     19.606825
     17   1      2   1   1     4  0.510685      38.391        0.0        0.0      0.000  0.502575  0.015122  0.040034  2.425687     19.589891
     18   1     -1   2   1     4  0.510570      38.432      180.1      171.3      8.585  0.502450  0.015139  0.040088  2.423218     19.552454
     19   1      1   2   1     4  0.510544      38.441        0.1        0.1      0.004  0.502422  0.015143  0.040100  2.422663     19.544031
     20   1     -1   0   3     2  0.510526      38.447       21.9       20.9      0.990  0.502403  0.015146  0.040108  2.422286      9.769158
     21   1      1   0   3     2  0.510448      38.474      184.1      176.9      7.238  0.502319  0.015157  0.040145  2.420622      9.756557
     22   1      0   1   3     4  0.510436      38.479       47.9       46.1      1.830  0.502305  0.015159  0.040151  2.420357     19.509104
     23   1     -2   0   2     2  0.505663      40.157      263.3      283.6     21.995  0.497149  0.015877  0.042423  2.323103      9.033545
     24   1      2   0   2     2  0.505562      40.193      270.3      289.4     20.489  0.497040  0.015892  0.042472  2.321146      9.019350
     25   1      0   2   2     4  0.505414      40.245      628.5      668.3     42.598  0.496879  0.015914  0.042543  2.318263     17.996912
     26   1     -1   1   3     4  0.500549      41.948        4.0        3.9      1.316  0.491621  0.016650  0.044916  2.228142     16.717741
     27   1      1   1   3     4  0.500475      41.973        3.6        3.5      1.204  0.491542  0.016661  0.044952  2.226847     16.699739
     28   1     -2   1   2     4  0.495967      43.544       12.5       14.3      2.228  0.486667  0.017348  0.047202  2.150220     15.653996
     29   1      2   1   2     4  0.495872      43.577       14.0       15.9      2.453  0.486564  0.017363  0.047250  2.148669     15.633213
     30   1     -1   2   2     4  0.495802      43.601       15.5       17.7      2.678  0.486489  0.017373  0.047286  2.147532     15.617999
     31   1      1   2   2     4  0.495755      43.618       16.7       19.0      2.834  0.486437  0.017381  0.047310  2.146759     15.607655
     32   1      2   2   0     4  0.486740      46.737     2296.3     2429.7    141.362  0.476681  0.018768  0.051968  2.010748     13.848557
     33   1      0   0   4     2  0.486439      46.840     1110.2     1151.0     42.573  0.476355  0.018814  0.052127  2.006546      6.898074
     34   1     -2   2   1     4  0.482295      48.264        2.6        3.7      1.587  0.471868  0.019458  0.054344  1.950761     13.111247
     35   1      2   2   1     4  0.482251      48.279        1.6        2.3      1.023  0.471820  0.019465  0.054368  1.950182     13.104241
     36   1      0   2   3     4  0.482037      48.352        6.1        8.9      4.183  0.471589  0.019499  0.054483  1.947408     13.070737
     37   1      0   1   4     4  0.477615      49.864        0.0        0.0      0.008  0.466796  0.020191  0.056905  1.891967     12.411697
     38   1     -3   0   1     2  0.473842      51.148      127.3      131.1      4.483  0.462706  0.020786  0.059016  1.847542      5.949201
     39   1      3   0   1     2  0.473778      51.170        2.3        2.3      0.067  0.462636  0.020797  0.059052  1.846804      5.944993
     40   1     -2   1   3     4  0.473604      51.229        1.5        1.5      0.026  0.462448  0.020824  0.059151  1.844821     11.867393
     41   1      2   1   3     4  0.473475      51.273      113.8      113.6      1.706  0.462308  0.020845  0.059224  1.843351     11.850666
     42   1     -1   2   3     4  0.473444      51.283      119.4      118.9      1.879  0.462275  0.020849  0.059241  1.843001     11.846673
     43   1      0   3   1     4  0.473427      51.289       31.8       31.6      0.518  0.462256  0.020852  0.059251  1.842805     11.844446
     44   1      1   2   3     4  0.473380      51.305        2.9        2.8      0.053  0.462205  0.020860  0.059278  1.842267     11.838335
     45   1      3   1   0     4  0.469581      52.593       59.4       61.1      1.859  0.458084  0.021463  0.061452  1.800268     11.366763
     46   1     -2   2   2     4  0.469386      52.659       99.0      100.1      1.600  0.457871  0.021495  0.061565  1.798168     11.343493
     47   1      2   2   2     4  0.469301      52.688      135.0      135.4      1.538  0.457779  0.021508  0.061614  1.797260     11.333444
     48   1      1   3   0     4  0.469246      52.706      118.2      117.7      1.385  0.457720  0.021517  0.061646  1.796672     11.326938
     49   1     -1   1   4     4  0.469175      52.730      113.6      112.1      1.931  0.457643  0.021528  0.061687  1.795912     11.318530
     50   1      1   1   4     4  0.469090      52.759       88.6       86.4      2.389  0.457551  0.021542  0.061736  1.795007     11.308534
     51   1     -3   1   1     4  0.465431      53.993        4.7        6.3      2.250  0.453578  0.022128  0.063879  1.756940     10.892815
     52   1      3   1   1     4  0.465368      54.015        0.6        0.9      0.393  0.453510  0.022138  0.063916  1.756305     10.885961
     53   1     -1   3   1     4  0.465079      54.112        5.4       11.5     13.130  0.453197  0.022185  0.064087  1.753386     10.854508
     54   1      1   3   1     4  0.465058      54.119        8.5       18.7     22.512  0.453174  0.022188  0.064099  1.753176     10.852241
     55   1      0   3   2     4  0.460892      55.518        0.0        0.0      0.055  0.448649  0.022861  0.066597  1.712370     10.418707
     56   1     -3   1   2     4  0.453229      58.077      261.1      272.2     11.735  0.440316  0.024114  0.071347  1.643083      9.709140
     57   1      3   1   2     4  0.453108      58.117      299.7      311.7     12.674  0.440185  0.024134  0.071423  1.642045      9.698763
     58   1     -2   0   4     2  0.452969      58.163      131.7      136.4      4.962  0.440033  0.024157  0.071512  1.640851      4.843421
     59   1     -1   3   2     4  0.452870      58.196      177.0      182.6      5.897  0.439925  0.024174  0.071575  1.640003      9.678383
     60   1      1   3   2     4  0.452830      58.210      205.1      211.2      6.425  0.439882  0.024180  0.071600  1.639658      9.674947

   No.  Code     H   K   L  Mult     Hw         2theta      Icalc       Iobs      Sigma      HwG     HwL       ETA       d-hkl        CORR

     61   1      2   0   4     2  0.452808      58.217       87.5       90.0      2.643  0.439858  0.024184  0.071614  1.639472      4.836543
     62   1      0   2   4     4  0.452729      58.243      257.9      264.2      6.723  0.439772  0.024197  0.071664  1.638799      9.666374
     63   1     -2   2   3     4  0.449018      59.475        0.7        0.6      0.420  0.435732  0.024812  0.074048  1.607873      9.361577
     64   1      2   2   3     4  0.448898      59.514        0.2        0.2      0.157  0.435602  0.024832  0.074125  1.606899      9.352095
     65   1      3   2   0     4  0.445274      60.713       10.3       11.7      1.811  0.431654  0.025439  0.076505  1.578119      9.074848
     66   1      2   3   0     4  0.445079      60.777        6.2        7.1      1.110  0.431441  0.025472  0.076635  1.576603      9.060406
     67   1     -2   1   4     4  0.445052      60.786        5.4        6.2      0.981  0.431412  0.025476  0.076653  1.576395      9.058430
     68   1     -1   2   4     4  0.444895      60.838        5.3        6.1      1.027  0.431241  0.025502  0.076757  1.575182      9.046893
     69   1      2   1   4     4  0.444894      60.838        7.3        8.3      1.403  0.431240  0.025503  0.076758  1.575172      9.046800
     70   1      1   2   4     4  0.444816      60.864        5.1        5.9      1.041  0.431155  0.025516  0.076810  1.574572      9.041094
     71   1     -3   0   3     2  0.441398      61.990       21.2       19.4      1.757  0.427429  0.026093  0.079109  1.548735      4.399022
     72   1     -3   2   1     4  0.441392      61.992       32.4       29.6      2.668  0.427422  0.026094  0.079113  1.548689      8.797613
     73   1      3   2   1     4  0.441333      62.012        2.5        2.3      0.199  0.427358  0.026104  0.079153  1.548253      8.793560
     74   1      3   0   3     2  0.441222      62.048       17.6       16.3      1.277  0.427236  0.026123  0.079229  1.547431      4.392953
     75   1     -2   3   1     4  0.441188      62.059       46.8       43.4      3.329  0.427200  0.026129  0.079251  1.547183      8.783599
     76   1      2   3   1     4  0.441149      62.072        1.4        1.3      0.097  0.427157  0.026136  0.079278  1.546894      8.780912
     77   1      0   3   3     4  0.440961      62.134       33.5       31.3      2.220  0.426952  0.026168  0.079406  1.545509      8.768042
     78   1     -1   0   5     2  0.440944      62.140       12.8       12.0      0.849  0.426933  0.026171  0.079418  1.545382      4.383432
     79   1      0   1   5     4  0.440856      62.169        6.3        5.9      0.422  0.426837  0.026185  0.079477  1.544737      8.760874
     80   1      1   0   5     2  0.440846      62.172       50.2       47.0      3.349  0.426826  0.026187  0.079484  1.544662      4.380087
     81   1     -3   1   3     4  0.433685      64.520        3.3        3.1      1.151  0.419009  0.027416  0.084477  1.494190      8.301360
     82   1      3   1   3     4  0.433512      64.577        0.6        0.7      0.235  0.418819  0.027446  0.084601  1.493019      8.290943
     83   1     -1   3   3     4  0.433322      64.639        2.8        4.2      2.315  0.418612  0.027479  0.084736  1.491743      8.279608
     84   1      1   3   3     4  0.433264      64.658        1.3        2.2      1.447  0.418549  0.027489  0.084777  1.491354      8.276155
     85   1     -1   1   5     4  0.433238      64.666        0.1        0.2      0.147  0.418521  0.027494  0.084796  1.491178      8.274595
     86   1      1   1   5     4  0.433142      64.698        0.1        0.2      0.202  0.418415  0.027510  0.084865  1.490531      8.268853
     87   1     -3   2   2     4  0.429877      65.764        4.8        3.2      1.205  0.414846  0.028080  0.087225  1.469015      8.079815
     88   1      3   2   2     4  0.429762      65.802        5.2        3.6      1.221  0.414720  0.028100  0.087309  1.468273      8.073359
     89   1     -2   3   2     4  0.429669      65.832        8.2        5.9      1.879  0.414618  0.028117  0.087378  1.467669      8.068104
     90   1      2   3   2     4  0.429592      65.857        8.4        6.1      1.900  0.414534  0.028130  0.087434  1.467175      8.063814
     91   1      4   0   0     2  0.422567      68.144      477.6      500.7     24.355  0.406842  0.029377  0.092697  1.423594      3.846413
     92   1     -2   2   4     4  0.422093      68.298     1044.2     1127.7     90.277  0.406323  0.029462  0.093061  1.420774      7.669350
     93   1      0   4   0     2  0.421969      68.338      625.3      679.2     58.595  0.406187  0.029484  0.093156  1.420040      3.831627
     94   1      2   2   4     4  0.421942      68.347     1064.6     1157.8    101.457  0.406157  0.029489  0.093177  1.419878      7.661910
     95   1      0   4   1     4  0.418234      69.550        3.9        3.4      0.868  0.402090  0.030160  0.096069  1.398323      7.484828
     96   1      0   2   5     4  0.418083      69.599        1.8        1.6      0.416  0.401925  0.030188  0.096188  1.397465      7.477865
     97   1      4   1   0     4  0.415125      70.558       24.0       24.4      1.740  0.398676  0.030730  0.098552  1.380885      7.344454
     98   1      1   4   0     4  0.414573      70.737       29.3       33.8      5.512  0.398069  0.030832  0.098999  1.377843      7.320234
     99   1      0   3   4     4  0.414436      70.782        0.0        0.0      0.003  0.397919  0.030857  0.099109  1.377094      7.314282
    100   1     -4   1   1     4  0.411472      71.742       82.1       81.0      1.729  0.394660  0.031408  0.101540  1.361088      7.188282
    101   1      4   1   1     4  0.411398      71.766        6.7        6.7      0.100  0.394579  0.031422  0.101601  1.360694      7.185210
    102   1     -3   2   3     4  0.411213      71.826       57.3       58.2      1.138  0.394374  0.031457  0.101755  1.359708      7.177528
    103   1      3   2   3     4  0.411046      71.880      157.6      162.8      5.662  0.394191  0.031488  0.101893  1.358825      7.170654
    104   1     -2   3   3     4  0.411002      71.894        0.4        0.4      0.014  0.394143  0.031496  0.101930  1.358591      7.168831
    105   1     -2   1   5     4  0.410940      71.914       46.1       48.0      2.118  0.394074  0.031508  0.101982  1.358262      7.166275
    106   1     -1   4   1     4  0.410896      71.929        9.5       10.0      0.477  0.394026  0.031516  0.102019  1.358027      7.164450
    107   1      2   3   3     4  0.410891      71.930       55.2       57.9      2.788  0.394021  0.031517  0.102023  1.358003      7.164266
    108   1      1   4   1     4  0.410877      71.935        7.2        7.6      0.374  0.394005  0.031520  0.102034  1.357930      7.163691
    109   1     -1   2   5     4  0.410784      71.965      179.3      189.4     10.776  0.393903  0.031537  0.102112  1.357437      7.159863
    110   1      2   1   5     4  0.410755      71.974        0.7        0.8      0.046  0.393871  0.031542  0.102136  1.357284      7.158675
    111   1      1   2   5     4  0.410691      71.995       51.6       54.9      3.544  0.393801  0.031554  0.102189  1.356949      7.156072
    112   1     -4   0   2     2  0.407831      72.921       47.2       49.0      2.125  0.390651  0.032094  0.104598  1.342055      3.520717
    113   1      4   0   2     2  0.407684      72.969       71.3       75.0      4.106  0.390489  0.032122  0.104724  1.341300      3.517840
    114   1     -3   1   4     4  0.407539      73.016       41.4       44.2      2.996  0.390330  0.032150  0.104847  1.340559      7.030033
    115   1      3   3   0     4  0.407528      73.020       21.5       22.9      1.579  0.390317  0.032152  0.104857  1.340499      7.029573
    116   1      3   1   4     4  0.407319      73.087       28.8       31.3      2.726  0.390087  0.032192  0.105035  1.339431      7.021452
    117   1      0   4   2     4  0.407176      73.134       46.3       50.8      4.987  0.389929  0.032219  0.105158  1.338701      7.015898
    118   1     -1   3   4     4  0.407175      73.134       64.7       71.0      6.975  0.389928  0.032219  0.105158  1.338697      7.015872
    119   1      1   3   4     4  0.407102      73.158       72.9       80.4      8.322  0.389847  0.032233  0.105221  1.338322      7.013024
    120   1      0   0   6     2  0.406979      73.197        5.6        6.2      0.696  0.389712  0.032256  0.105326  1.337698      3.504142

   No.  Code     H   K   L  Mult     Hw         2theta      Icalc       Iobs      Sigma      HwG     HwL       ETA       d-hkl        CORR

    121   1     -3   3   1     4  0.403916      74.190        0.7        0.6      0.345  0.386334  0.032844  0.107982  1.322320      6.892689
    122   1      3   3   1     4  0.403861      74.208        1.7        1.5      0.883  0.386273  0.032854  0.108030  1.322049      6.890673
    123   1     -4   1   2     4  0.400586      75.271       19.8       20.9      1.623  0.382656  0.033492  0.110940  1.306094      6.773153
    124   1      4   1   2     4  0.400441      75.318       25.6       27.5      2.349  0.382495  0.033521  0.111071  1.305398      6.768084
    125   1     -1   4   2     4  0.399993      75.463       20.1       22.5      2.950  0.382001  0.033609  0.111475  1.303259      6.752533
    126   1      1   4   2     4  0.399957      75.475       19.8       22.3      3.003  0.381961  0.033616  0.111507  1.303087      6.751278
    127   1      0   1   6     4  0.399745      75.544        0.0        0.0      0.000  0.381727  0.033657  0.111699  1.302077      6.743955
    128   1      4   2   0     4  0.393396      77.610       63.9       56.7      6.446  0.374694  0.034929  0.117604  1.272663      6.535100
    129   1     -3   3   2     4  0.393178      77.681      146.3      134.5     10.950  0.374453  0.034973  0.117812  1.271683      6.528293
    130   1      3   3   2     4  0.393071      77.716      148.6      138.9      9.244  0.374334  0.034995  0.117914  1.271201      6.524952
    131   1      2   4   0     4  0.392972      77.749      115.4      109.3      5.855  0.374224  0.035016  0.118009  1.270756      6.521865
    132   1     -1   1   6     4  0.392705      77.836      118.7      116.6      2.475  0.373927  0.035070  0.118266  1.269556      6.513559
    133   1      1   1   6     4  0.392598      77.871      125.9      125.6      1.702  0.373808  0.035092  0.118368  1.269077      6.510244
    134   1     -4   2   1     4  0.389897      78.755        0.0        0.0      0.010  0.370807  0.035649  0.120995  1.257115      6.428339
    135   1      4   2   1     4  0.389826      78.778        0.4        0.4      0.100  0.370729  0.035664  0.121065  1.256805      6.426234
    136   1     -2   4   1     4  0.389459      78.898        0.0        0.0      0.007  0.370320  0.035740  0.121427  1.255199      6.415367
    137   1      2   4   1     4  0.389423      78.910        0.5        0.4      0.099  0.370281  0.035748  0.121462  1.255045      6.414323
    138   1     -2   2   5     4  0.389387      78.922        5.6        5.0      1.144  0.370241  0.035755  0.121497  1.254888      6.413260
    139   1      0   4   3     4  0.389254      78.966        1.3        1.2      0.272  0.370092  0.035783  0.121630  1.254305      6.409323
    140   1      2   2   5     4  0.389210      78.980        5.2        4.7      1.065  0.370044  0.035792  0.121672  1.254116      6.408051
    141   1     -3   2   4     4  0.386137      79.990        4.0        5.6      2.271  0.366622  0.036440  0.124757  1.240887      6.319732
    142   1     -2   3   4     4  0.385929      80.059        2.7        4.3      2.568  0.366389  0.036484  0.124969  1.240000      6.313884
    143   1      3   2   4     4  0.385927      80.060        5.2        8.2      4.972  0.366387  0.036485  0.124971  1.239992      6.313831
    144   1      2   3   4     4  0.385788      80.105        2.2        3.8      2.818  0.366233  0.036514  0.125112  1.239405      6.309962
    145   1     -4   1   3     4  0.382955      81.042        5.2        5.6      0.363  0.363071  0.037124  0.128043  1.227510      6.232461
    146   1      4   1   3     4  0.382747      81.111       79.1       83.8      5.186  0.362838  0.037170  0.128261  1.226644      6.226883
    147   1     -3   0   5     2  0.382647      81.144      127.7      135.7      8.732  0.362727  0.037191  0.128366  1.226232      3.112119
    148   1      3   0   5     2  0.382387      81.230       31.6       34.1      2.695  0.362436  0.037248  0.128640  1.225153      3.108654
    149   1     -1   4   3     4  0.382361      81.239        8.1        8.7      0.708  0.362407  0.037254  0.128667  1.225048      6.216630
    150   1      1   4   3     4  0.382309      81.256       96.1      104.3      8.958  0.362349  0.037265  0.128722  1.224833      6.215248
    151   1      0   3   5     4  0.382208      81.290        8.4        9.2      0.897  0.362236  0.037287  0.128828  1.224414      6.212565
    152   1     -4   2   2     4  0.379519      82.186       65.6       70.8      5.781  0.359226  0.037881  0.131705  1.213402      6.142726
    153   1      4   2   2     4  0.379381      82.232       73.1       79.6      7.100  0.359072  0.037912  0.131854  1.212844      6.139228
    154   1     -2   4   2     4  0.379076      82.333      122.3      135.7     14.909  0.358730  0.037980  0.132185  1.211609      6.131501
    155   1      2   4   2     4  0.379008      82.356      126.3      140.7     16.180  0.358653  0.037995  0.132260  1.211331      6.129765
    156   1     -2   0   6     2  0.378961      82.372       33.5       37.4      4.440  0.358601  0.038006  0.132311  1.211143      3.064293
    157   1      2   0   6     2  0.378755      82.441       35.7       40.7      5.628  0.358370  0.038052  0.132536  1.210311      3.061697
    158   1      0   2   6     4  0.378722      82.452       87.9      100.4     14.296  0.358333  0.038059  0.132572  1.210178      6.122570
    159   1     -3   3   3     4  0.375871      83.410       10.9       11.4      0.941  0.355133  0.038706  0.135731  1.198779      6.052328
    160   1     -3   1   5     4  0.375831      83.424       11.2       11.8      0.966  0.355088  0.038715  0.135776  1.198620      6.051363
    161   1      3   3   3     4  0.375719      83.462        7.7        8.2      0.679  0.354961  0.038741  0.135903  1.198174      6.048646
    162   1      3   1   5     4  0.375577      83.510        6.8        7.2      0.628  0.354801  0.038774  0.136063  1.197612      6.045237
    163   1     -1   3   5     4  0.375478      83.543        5.7        6.0      0.552  0.354690  0.038797  0.136175  1.197222      6.042865
    164   1      1   3   5     4  0.375393      83.572        6.9        7.3      0.723  0.354595  0.038816  0.136270  1.196887      6.040832
    165   1     -2   1   6     4  0.372234      84.646        1.2        0.8      0.452  0.351035  0.039555  0.139903  1.184516      5.966842
    166   1     -1   2   6     4  0.372084      84.697        1.8        1.4      0.585  0.350867  0.039590  0.140078  1.183936      5.963425
    167   1      2   1   6     4  0.372033      84.715        1.9        1.6      0.622  0.350809  0.039602  0.140139  1.183737      5.962256
    168   1      1   2   6     4  0.371984      84.731        2.5        2.1      0.781  0.350753  0.039614  0.140196  1.183547      5.961136
    169   1     -4   0   4     2  0.366224      86.726      290.4      303.2     13.651  0.344230  0.041022  0.147181  1.161551      2.917578
    170   1      4   0   4     2  0.365965      86.818      308.8      321.3     13.210  0.343935  0.041087  0.147508  1.160573      2.914859
    171   1      0   4   4     4  0.365581      86.953      795.2      835.9     43.133  0.343499  0.041184  0.147991  1.159132      5.821731
    172   1     -4   2   3     4  0.363038      87.855        3.4        4.0      0.873  0.340600  0.041839  0.151262  1.149616      5.769813
    173   1      4   2   3     4  0.362847      87.924        2.4        2.8      0.457  0.340381  0.041889  0.151512  1.148904      5.765990
    174   1     -2   4   3     4  0.362612      88.008       10.8       12.1      1.709  0.340113  0.041950  0.151820  1.148032      5.761312
    175   1      2   4   3     4  0.362517      88.042        8.8        9.8      1.412  0.340005  0.041975  0.151946  1.147678      5.759414
    176   1     -4   1   4     4  0.359905      88.987        8.0        8.7      0.853  0.337012  0.042674  0.155447  1.138001      5.708413
    177   1      4   3   0     4  0.359864      89.002       21.2       23.0      2.264  0.336965  0.042685  0.155503  1.137849      5.707622
    178   1      4   1   4     4  0.359656      89.078       14.8       16.2      1.608  0.336726  0.042742  0.155788  1.137081      5.703643
    179   1      3   4   0     4  0.359648      89.081       13.7       15.0      1.486  0.336717  0.042744  0.155798  1.137053      5.703498
    180   1     -1   4   4     4  0.359350      89.190       12.9       14.2      1.578  0.336375  0.042826  0.156207  1.135953      5.697817

   No.  Code     H   K   L  Mult     Hw         2theta      Icalc       Iobs      Sigma      HwG     HwL       ETA       d-hkl        CORR

    181   1      1   4   4     4  0.359288      89.213       15.4       17.1      2.019  0.336303  0.042843  0.156293  1.135724      5.696636
    182   1     -5   0   1     2  0.357114      90.018       11.8       13.2      1.587  0.333799  0.043449  0.159337  1.127720      2.827979
    183   1      5   0   1     2  0.357038      90.047        3.7        4.1      0.415  0.333711  0.043470  0.159445  1.127440      2.827277
    184   1     -4   3   1     4  0.356835      90.122       88.3       93.8      6.047  0.333477  0.043528  0.159734  1.126696      5.650834
    185   1      4   3   1     4  0.356775      90.145        1.3        1.3      0.074  0.333407  0.043545  0.159821  1.126473      5.649719
    186   1     -3   4   1     4  0.356617      90.204      105.8      109.8      4.412  0.333225  0.043590  0.160046  1.125895      5.646841
    187   1     -3   2   5     4  0.356587      90.216        0.8        0.8      0.030  0.333189  0.043599  0.160090  1.125782      5.646276
    188   1      3   4   1     4  0.356572      90.221        1.1        1.1      0.042  0.333172  0.043603  0.160111  1.125728      5.646008
    189   1     -2   3   5     4  0.356399      90.286       20.3       20.8      0.531  0.332972  0.043653  0.160360  1.125092      5.642845
    190   1      3   2   5     4  0.356359      90.301       18.5       18.8      0.447  0.332927  0.043664  0.160417  1.124947      5.642125
    191   1      0   5   1     4  0.356325      90.314        3.6        3.7      0.083  0.332887  0.043674  0.160466  1.124820      5.641499
    192   1      2   3   5     4  0.356247      90.343        0.6        0.7      0.013  0.332797  0.043696  0.160578  1.124536      5.640088
    193   1     -1   0   7     2  0.356165      90.374       22.4       22.7      0.442  0.332702  0.043720  0.160698  1.124232      2.819292
    194   1      0   1   7     4  0.356082      90.406       20.7       20.9      0.427  0.332606  0.043744  0.160817  1.123928      5.637080
    195   1      1   0   7     2  0.356059      90.414      114.5      115.6      2.427  0.332579  0.043750  0.160850  1.123844      2.818331
    196   1      5   1   0     4  0.354101      91.160        1.6        1.5      0.210  0.330308  0.044324  0.163730  1.116651      5.601589
    197   1     -3   3   4     4  0.353643      91.337       29.6       25.8      3.505  0.329775  0.044460  0.164417  1.114968      5.593524
    198   1      3   3   4     4  0.353466      91.405        9.7        8.4      1.199  0.329569  0.044513  0.164684  1.114319      5.590427
    199   1      1   5   0     4  0.353401      91.431       45.2       38.7      5.706  0.329493  0.044533  0.164783  1.114078      5.589277
    200   1     -2   2   6     4  0.353399      91.431        5.1        4.4      0.643  0.329491  0.044534  0.164786  1.114071      5.589246
    201   1      2   2   6     4  0.353223      91.500       28.3       23.9      3.874  0.329285  0.044587  0.165053  1.113424      5.586167
    202   1     -5   1   1     4  0.351242      92.278        2.9        2.3      0.936  0.326971  0.045197  0.168113  1.106131      5.552065
    203   1      5   1   1     4  0.351170      92.306        0.7        0.6      0.208  0.326887  0.045220  0.168226  1.105866      5.550849
    204   1     -1   5   1     4  0.350536      92.560        9.9        9.4      1.373  0.326143  0.045420  0.169232  1.103524      5.540133
    205   1      1   5   1     4  0.350522      92.566        3.5        3.3      0.483  0.326126  0.045425  0.169254  1.103472      5.539895
    206   1     -1   1   7     4  0.350351      92.634        2.4        2.2      0.399  0.325925  0.045479  0.169528  1.102839      5.537018
    207   1      1   1   7     4  0.350252      92.674        2.3        2.1      0.454  0.325808  0.045511  0.169687  1.102472      5.535357
    208   1     -4   3   2     4  0.348214      93.508       10.5       10.6      0.726  0.323404  0.046179  0.173025  1.094902      5.501669
    209   1      4   3   2     4  0.348104      93.553       13.0       13.1      0.748  0.323274  0.046216  0.173209  1.094492      5.499879
    210   1     -3   4   2     4  0.348010      93.592       18.3       18.4      1.005  0.323163  0.046247  0.173367  1.094142      5.498352
    211   1      3   4   2     4  0.347928      93.627       20.6       20.4      1.226  0.323066  0.046275  0.173505  1.093835      5.497016
    212   1      0   5   2     4  0.347726      93.711        0.0        0.0      0.003  0.322826  0.046344  0.173846  1.093079      5.493736
    213   1      0   3   6     4  0.347580      93.772        0.1        0.1      0.014  0.322653  0.046393  0.174093  1.092533      5.491374
    214   1     -5   1   2     4  0.343246      95.667      205.5      215.0     10.191  0.317458  0.047958  0.181849  1.076025      5.423188
    215   1      5   1   2     4  0.343121      95.724      220.9      226.5      6.068  0.317306  0.048006  0.182086  1.075539      5.421278
    216   1     -4   2   4     4  0.343011      95.774      117.3      118.7      1.617  0.317173  0.048049  0.182295  1.075110      5.419599
    217   1      4   2   4     4  0.342813      95.866       51.6       51.2      0.495  0.316932  0.048126  0.182675  1.074334      5.416570
    218   1     -3   1   6     4  0.342769      95.886      121.2      120.0      1.429  0.316878  0.048143  0.182759  1.074162      5.415901
    219   1     -2   4   4     4  0.342668      95.933      155.6      153.2      2.536  0.316755  0.048183  0.182954  1.073766      5.414361
    220   1     -1   5   2     4  0.342607      95.961       90.1       88.6      1.614  0.316682  0.048207  0.183070  1.073528      5.413439
    221   1      1   5   2     4  0.342582      95.973       81.3       79.9      1.481  0.316652  0.048216  0.183118  1.073432      5.413065
    222   1      2   4   4     4  0.342569      95.979      107.7      105.9      1.969  0.316636  0.048222  0.183144  1.073379      5.412863
    223   1      3   1   6     4  0.342547      95.989      178.6      175.6      3.249  0.316609  0.048230  0.183187  1.073292      5.412525
    224   1     -1   3   6     4  0.342500      96.011       84.8       83.5      1.456  0.316551  0.048249  0.183278  1.073107      5.411812
    225   1      1   3   6     4  0.342426      96.046      124.7      123.5      1.639  0.316462  0.048278  0.183420  1.072818      5.410694
    226   1      0   4   5     4  0.340125      97.156       16.1       15.8      1.625  0.313635  0.049229  0.188057  1.063598      5.376233
    227   1      0   2   7     4  0.340033      97.202        6.1        5.8      0.676  0.313521  0.049269  0.188251  1.063220      5.374869
    228   1      5   2   0     4  0.338553      97.963        2.5        0.9      0.896  0.311674  0.049934  0.191454  1.057054      5.353154
    229   1      2   5   0     4  0.338106      98.202        5.4        2.6      1.774  0.311110  0.050145  0.192463  1.055142      5.346640
    230   1     -5   0   3     2  0.336535      99.079       28.5       29.3      0.957  0.309106  0.050927  0.196177  1.048221      2.661971
    231   1     -5   2   1     4  0.336512      99.093      131.8      134.8      3.763  0.309076  0.050939  0.196233  1.048116      5.323611
    232   1      5   2   1     4  0.336463      99.122        0.9        0.9      0.018  0.309012  0.050965  0.196356  1.047891      5.322899
    233   1      5   0   3     2  0.336387      99.166       49.0       49.1      0.629  0.308914  0.051005  0.196543  1.047546      2.660904
    234   1     -4   3   3     4  0.336344      99.191        0.0        0.0      0.000  0.308859  0.051028  0.196649  1.047353      5.321199
    235   1     -4   1   5     4  0.336331      99.199       50.4       50.1      0.640  0.308842  0.051035  0.196682  1.047292      5.321007
    236   1      4   3   3     4  0.336227      99.260       70.3       69.5      1.124  0.308707  0.051090  0.196942  1.046815      5.319509
    237   1     -3   4   3     4  0.336194      99.279       20.1       19.8      0.340  0.308665  0.051108  0.197024  1.046665      5.319039
    238   1      4   1   5     4  0.336136      99.314        3.5        3.4      0.064  0.308589  0.051139  0.197171  1.046396      5.318199
    239   1      3   4   3     4  0.336107      99.331       23.8       23.5      0.452  0.308551  0.051155  0.197245  1.046262      5.317782
    240   1     -2   5   1     4  0.336090      99.341       53.5       52.7      1.031  0.308530  0.051164  0.197286  1.046185      5.317544

   No.  Code     H   K   L  Mult     Hw         2theta      Icalc       Iobs      Sigma      HwG     HwL       ETA       d-hkl        CORR

    241   1      2   5   1     4  0.336071      99.353        0.9        0.9      0.018  0.308504  0.051174  0.197335  1.046096      5.317265
    242   1     -2   1   7     4  0.335993      99.399        2.6        2.5      0.052  0.308403  0.051216  0.197533  1.045735      5.316145
    243   1      0   5   3     4  0.335978      99.408        7.5        7.4      0.154  0.308384  0.051224  0.197570  1.045667      5.315934
    244   1     -1   4   5     4  0.335970      99.413        8.2        8.1      0.169  0.308373  0.051229  0.197592  1.045628      5.315813
    245   1      1   4   5     4  0.335921      99.442       46.0       45.3      0.929  0.308310  0.051255  0.197714  1.045405      5.315122
    246   1     -1   2   7     4  0.335902      99.454      135.8      133.9      2.701  0.308285  0.051266  0.197764  1.045314      5.314842
    247   1      2   1   7     4  0.335858      99.480       50.5       49.9      0.959  0.308228  0.051289  0.197876  1.045110      5.314214
    248   1      1   2   7     4  0.335835      99.494        6.9        6.9      0.129  0.308198  0.051302  0.197936  1.045002      5.313879
    249   1     -5   1   3     4  0.333032     101.375       14.3       12.3      2.506  0.304427  0.053044  0.205918  1.030815      5.273531
    250   1      5   1   3     4  0.332918     101.462        2.3        2.0      0.382  0.304267  0.053126  0.206288  1.030174      5.271870
    251   1     -3   3   5     4  0.332753     101.590        0.7        0.6      0.108  0.304036  0.053247  0.206829  1.029235      5.269466
    252   1      3   3   5     4  0.332643     101.677        0.5        0.4      0.070  0.303879  0.053330  0.207198  1.028597      5.267848
    253   1     -1   5   3     4  0.332632     101.686        6.1        5.4      0.935  0.303864  0.053338  0.207234  1.028535      5.267690
    254   1      1   5   3     4  0.332611     101.703       12.4       11.0      1.963  0.303833  0.053355  0.207308  1.028407      5.267370
    255   1     -5   2   2     4  0.331642     102.535        3.9        2.7      1.251  0.302420  0.054152  0.210814  1.022397      5.252925
    256   1      5   2   2     4  0.331580     102.593        4.5        3.4      1.194  0.302326  0.054209  0.211059  1.021980      5.251973
    257   1     -3   2   6     4  0.331406     102.759        0.7        0.6      0.165  0.302063  0.054370  0.211755  1.020799      5.249315
    258   1     -2   5   2     4  0.331369     102.795        2.3        1.9      0.546  0.302007  0.054405  0.211906  1.020543      5.248745
    259   1      2   5   2     4  0.331346     102.818        1.3        1.1      0.336  0.301970  0.054428  0.212004  1.020376      5.248378
    260   1     -2   3   6     4  0.331329     102.834        1.9        1.5      0.506  0.301946  0.054443  0.212071  1.020264      5.248129
    261   1      3   2   6     4  0.331299     102.864        1.0        0.8      0.299  0.301899  0.054472  0.212196  1.020052      5.247662
    262   1      2   3   6     4  0.331259     102.904        2.1        1.4      0.719  0.301837  0.054511  0.212365  1.019766      5.247036
    263   1      4   4   0     4  0.329697     104.987      543.4      573.7     32.553  0.299115  0.056592  0.220979  1.005374      5.219890
    264   1      0   0   8     2  0.329557     105.300      240.9      255.4     15.784  0.298795  0.056913  0.222249  1.003273      2.608347
    265   1     -4   4   1     4  0.329313     106.149        5.2        5.3      0.728  0.298057  0.057797  0.225650  0.997656      5.209188
    266   1     -4   2   5     4  0.329313     106.150        0.8        0.8      0.108  0.298057  0.057797  0.225651  0.997654      5.209186
    267   1      4   4   1     4  0.329310     106.173        2.5        2.5      0.339  0.298040  0.057822  0.225744  0.997501      5.209002
    268   1      4   2   5     4  0.329296     106.268        0.3        0.3      0.035  0.297970  0.057922  0.226120  0.996879      5.208273
    269   1     -2   4   5     4  0.329289     106.320        4.2        4.3      0.579  0.297933  0.057976  0.226325  0.996541      5.207885
    270   1     -2   2   7     4  0.329285     106.356        2.0        2.1      0.316  0.297908  0.058014  0.226466  0.996308      5.207620
    271   1      2   4   5     4  0.329283     106.379        2.6        2.8      0.460  0.297891  0.058039  0.226558  0.996155      5.207448
    272   1      2   2   7     4  0.329277     106.439        1.5        1.7      0.379  0.297851  0.058102  0.226793  0.995768      5.207017
    273   1     -4   3   4     4  0.329324     107.323        9.9        8.3      1.690  0.297369  0.059046  0.230224  0.990086      5.201611
    274   1     -3   4   4     4  0.329343     107.418        6.5        5.4      1.053  0.297331  0.059149  0.230586  0.989486      5.201142
    275   1      4   3   4     4  0.329344     107.419       14.8       12.2      2.404  0.297331  0.059150  0.230589  0.989480      5.201137
    276   1      3   4   4     4  0.329360     107.489        7.8        6.2      1.428  0.297305  0.059226  0.230858  0.989032      5.200800
    277   1      0   5   4     4  0.329378     107.560        0.2        0.2      0.052  0.297280  0.059303  0.231127  0.988586      5.200475
    278   1      0   1   8     4  0.329405     107.656        0.0        0.0      0.001  0.297248  0.059407  0.231490  0.987980      5.200052
    279   1     -5   2   3     4  0.329713     108.392       13.7       13.1      1.029  0.297104  0.060216  0.234239  0.983380      5.197532
    280   1      5   2   3     4  0.329763     108.482       36.5       33.8      2.832  0.297099  0.060315  0.234570  0.982823      5.197311
    281   1     -3   0   7     2  0.329861     108.645       37.3       34.9      2.433  0.297096  0.060496  0.235164  0.981822      2.598481
    282   1     -2   5   3     4  0.329876     108.669        4.4        4.1      0.269  0.297096  0.060523  0.235251  0.981674      5.196915
    283   1      2   5   3     4  0.329899     108.705       49.4       46.9      2.761  0.297097  0.060563  0.235382  0.981452      5.196848
    284   1      3   0   7     2  0.329943     108.771        0.0        0.0      0.000  0.297099  0.060637  0.235622  0.981046      2.598367
    285   1      0   3   7     4  0.329973     108.815       22.3       21.7      1.127  0.297102  0.060686  0.235781  0.980777      5.196663
    286   1     -5   1   4     4  0.330612     109.586        5.4        6.0      0.708  0.297253  0.061557  0.238517  0.976099      5.196168
    287   1      5   3   0     4  0.330639     109.614       10.9       12.0      1.233  0.297263  0.061589  0.238615  0.975930      5.196177
    288   1     -4   4   2     4  0.330730     109.706       54.9       58.6      4.055  0.297295  0.061694  0.238933  0.975381      5.196218
    289   1      5   1   4     4  0.330732     109.707        0.2        0.2      0.017  0.297296  0.061695  0.238937  0.975373      5.196218
    290   1     -4   0   6     2  0.330747     109.722        5.5        5.8      0.380  0.297302  0.061712  0.238990  0.975282      2.598113
    291   1      4   4   2     4  0.330780     109.754       84.8       89.7      5.327  0.297314  0.061749  0.239100  0.975091      5.196248
    292   1      3   5   0     4  0.330834     109.805       41.9       44.1      2.395  0.297335  0.061808  0.239278  0.974783      5.196285
    293   1      4   0   6     2  0.330899     109.867       34.2       36.0      1.947  0.297361  0.061879  0.239490  0.974414      2.598170
    294   1     -1   5   4     4  0.330958     109.922       53.7       56.7      3.316  0.297385  0.061941  0.239677  0.974089      5.196394
    295   1      1   5   4     4  0.330985     109.946       31.0       32.9      2.023  0.297396  0.061969  0.239760  0.973945      5.196420
    296   1      0   4   6     4  0.331030     109.986        6.7        7.1      0.487  0.297415  0.062016  0.239898  0.973704      5.196467
    297   1     -1   1   8     4  0.331053     110.007       50.9       54.4      3.933  0.297425  0.062040  0.239968  0.973582      5.196494
    298   1      1   1   8     4  0.331108     110.055       32.8       35.5      2.973  0.297449  0.062095  0.240133  0.973293      5.196558
    299   1     -5   3   1     4  0.332078     110.805        7.9        7.6      1.048  0.297931  0.062968  0.242625  0.968883      5.198269
    300   1      5   3   1     4  0.332122     110.835        0.7        0.7      0.089  0.297955  0.063004  0.242723  0.968706      5.198368

   No.  Code     H   K   L  Mult     Hw         2theta      Icalc       Iobs      Sigma      HwG     HwL       ETA       d-hkl        CORR

    301   1     -3   5   1     4  0.332373     111.004        6.2        6.2      0.544  0.298095  0.063203  0.243268  0.967725      5.198950
    302   1      3   5   1     4  0.332401     111.022        8.2        8.4      0.753  0.298111  0.063224  0.243326  0.967619      5.199017
    303   1     -3   1   7     4  0.332439     111.047        6.0        6.3      0.634  0.298133  0.063254  0.243406  0.967475      5.199110
    304   1      3   1   7     4  0.332640     111.175        4.6        5.8      1.740  0.298249  0.063405  0.243815  0.966733      5.199612
    305   1     -1   3   7     4  0.332658     111.186        0.5        0.7      0.229  0.298259  0.063419  0.243850  0.966669      5.199657
    306   1      1   3   7     4  0.332727     111.229        0.2        0.3      0.143  0.298300  0.063469  0.243986  0.966422      5.199835
    307   1     -4   1   6     4  0.334378     112.141        3.2        2.2      0.938  0.299339  0.064566  0.246780  0.961216      5.204671
    308   1      4   1   6     4  0.334679     112.289        9.5        7.3      2.059  0.299540  0.064746  0.247214  0.960385      5.205643
    309   1     -1   4   6     4  0.334868     112.379        4.9        3.8      1.070  0.299667  0.064857  0.247478  0.959878      5.206264
    310   1      1   4   6     4  0.334947     112.416        4.5        3.5      1.026  0.299720  0.064902  0.247585  0.959670      5.206524
    311   1      6   0   0     2  0.339949     114.354       13.4       14.8      1.473  0.303366  0.067339  0.252731  0.949062      2.612432
    312   1     -5   3   2     4  0.340297     114.467      230.2      246.4     17.421  0.303633  0.067485  0.253001  0.948459      5.226224
    313   1      5   3   2     4  0.340493     114.530      272.7      289.3     17.713  0.303783  0.067566  0.253149  0.948125      5.226989
    314   1     -3   5   2     4  0.340963     114.678      145.3      154.0      9.312  0.304147  0.067759  0.253494  0.947339      5.228840
    315   1     -3   3   6     4  0.341058     114.708      117.9      125.4      7.910  0.304221  0.067797  0.253562  0.947182      5.229216
    316   1      3   5   2     4  0.341084     114.716      180.2      191.7     12.254  0.304241  0.067808  0.253581  0.947140      5.229319
    317   1      0   6   0     2  0.341359     114.800       61.9       66.5      5.009  0.304455  0.067918  0.253774  0.946693      2.615203
    318   1      3   3   6     4  0.341426     114.821      127.8      137.9     10.874  0.304507  0.067944  0.253821  0.946585      5.230672
    319   1     -2   0   8     2  0.341473     114.835      144.8      156.6     12.788  0.304543  0.067963  0.253853  0.946510      2.615429
    320   1      0   2   8     4  0.341804     114.935      260.1      289.1     32.249  0.304802  0.068094  0.254078  0.945984      5.232177
    321   1      2   0   8     2  0.341806     114.935       90.8      100.9     11.278  0.304804  0.068094  0.254080  0.945981      2.616092
    322   1     -4   4   3     4  0.345016     115.832        0.6        0.2      0.174  0.307354  0.069284  0.255974  0.941313      5.245158
    323   1      4   4   3     4  0.345308     115.908        0.0        0.0      0.000  0.307589  0.069386  0.256124  0.940922      5.246352
    324   1      0   6   1     4  0.345876     116.053        0.2        0.0      0.053  0.308048  0.069582  0.256406  0.940176      5.248680
    325   1      6   1   0     4  0.349236     116.860       32.6       24.3      6.607  0.310798  0.070685  0.257857  0.936086      5.262588
    326   1     -5   2   4     4  0.349720     116.969        1.1        0.8      0.228  0.311199  0.070836  0.258038  0.935538      5.264604
    327   1      5   2   4     4  0.350294     117.097        1.7        1.2      0.357  0.311675  0.071014  0.258246  0.934899      5.267002
    328   1     -2   5   4     4  0.351102     117.273        4.3        3.0      0.958  0.312347  0.071260  0.258524  0.934021      5.270380
    329   1      1   6   0     4  0.351238     117.303       30.7       20.9      6.889  0.312460  0.071301  0.258569  0.933875      5.270948
    330   1      2   5   4     4  0.351340     117.324        2.9        1.9      0.649  0.312546  0.071332  0.258603  0.933766      5.271377
    331   1     -2   1   8     4  0.351462     117.351        0.2        0.2      0.054  0.312647  0.071369  0.258643  0.933637      5.271888
    332   1     -1   2   8     4  0.351762     117.414        0.3        0.2      0.078  0.312897  0.071458  0.258740  0.933321      5.273141
    333   1      2   1   8     4  0.351946     117.453        0.8        0.5      0.203  0.313051  0.071513  0.258798  0.933129      5.273912
    334   1      1   2   8     4  0.352004     117.466        0.2        0.1      0.060  0.313100  0.071530  0.258817  0.933067      5.274159
    335   1     -6   1   1     4  0.355216     118.116       66.4       65.9      2.059  0.315803  0.072454  0.259721  0.929878      5.287667
    336   1      6   1   1     4  0.355416     118.155        1.2        1.2      0.031  0.315972  0.072509  0.259771  0.929690      5.288508
    337   1     -5   0   5     2  0.355895     118.247        0.3        0.3      0.006  0.316378  0.072642  0.259887  0.929241      2.645264
    338   1     -4   3   5     4  0.356585     118.378       78.7       78.5      1.012  0.316964  0.072832  0.260049  0.928605      5.293442
    339   1      5   0   5     2  0.356746     118.409        3.9        3.8      0.049  0.317101  0.072876  0.260085  0.928459      2.647062
    340   1     -3   4   5     4  0.357149     118.484      177.0      175.4      2.411  0.317444  0.072985  0.260175  0.928094      5.295825
    341   1      4   3   5     4  0.357276     118.508        4.0        3.9      0.055  0.317552  0.073019  0.260202  0.927980      5.296361
    342   1     -3   2   7     4  0.357324     118.517       74.5       73.7      1.051  0.317593  0.073032  0.260213  0.927937      5.296565
    343   1     -1   6   1     4  0.357666     118.580       37.4       37.0      0.534  0.317884  0.073124  0.260286  0.927633      5.298008
    344   1      3   4   5     4  0.357673     118.581       37.0       36.6      0.528  0.317890  0.073126  0.260287  0.927626      5.298040
    345   1      1   6   1     4  0.357701     118.587        0.5        0.5      0.007  0.317914  0.073133  0.260293  0.927602      5.298157
    346   1     -2   3   7     4  0.357794     118.604        0.2        0.2      0.003  0.317993  0.073158  0.260313  0.927520      5.298550
    347   1      0   5   5     4  0.358037     118.648        2.0        2.0      0.027  0.318200  0.073223  0.260363  0.927305      5.299578
    348   1      3   2   7     4  0.358063     118.653      221.3      219.9      2.930  0.318222  0.073230  0.260368  0.927282      5.299688
    349   1      2   3   7     4  0.358290     118.695       52.0       51.9      0.707  0.318416  0.073291  0.260415  0.927083      5.300648
    350   1     -6   0   2     2  0.362270     119.391        3.5        3.0      0.584  0.321832  0.074317  0.261110  0.923771      2.658752
    351   1      6   0   2     2  0.362737     119.470        5.8        4.9      0.881  0.322235  0.074434  0.261179  0.923402      2.659743
    352   1     -4   2   6     4  0.364016     119.681       12.4       10.8      1.468  0.323341  0.074751  0.261354  0.922411      5.324912
    353   1      4   2   6     4  0.364988     119.839       18.6       16.1      2.202  0.324183  0.074988  0.261476  0.921676      5.329035
    354   1     -2   4   6     4  0.365223     119.876       38.3       33.0      4.636  0.324387  0.075045  0.261503  0.921500      5.330033
    355   1      0   6   2     4  0.365354     119.897       88.4       75.9     10.905  0.324501  0.075076  0.261519  0.921403      5.330590
    356   1      2   4   6     4  0.365717     119.955       41.4       35.0      5.474  0.324816  0.075164  0.261560  0.921134      5.332132
    357   1     -5   3   3     4  0.371565     120.842        3.4        1.9      0.906  0.329919  0.076524  0.262066  0.917061      5.356966
    358   1     -5   1   5     4  0.371581     120.844       15.3        8.5      4.040  0.329933  0.076528  0.262067  0.917051      5.357036
    359   1      5   3   3     4  0.372255     120.941        0.0        0.0      0.011  0.330524  0.076679  0.262107  0.916610      5.359897
    360   1      5   1   5     4  0.372736     121.010        5.1        3.2      1.293  0.330946  0.076787  0.262134  0.916298      5.361938

   No.  Code     H   K   L  Mult     Hw         2theta      Icalc       Iobs      Sigma      HwG     HwL       ETA       d-hkl        CORR

    361   1     -3   5   3     4  0.373170     121.072        1.6        1.0      0.419  0.331328  0.076883  0.262157  0.916019      5.363783
    362   1      3   5   3     4  0.373594     121.132        0.6        0.3      0.154  0.331700  0.076977  0.262178  0.915749      5.365583
    363   1     -1   5   5     4  0.374266     121.226        5.4        2.9      1.557  0.332292  0.077126  0.262209  0.915324      5.368442
    364   1      1   5   5     4  0.374505     121.259        1.9        1.0      0.571  0.332502  0.077178  0.262219  0.915174      5.369456
    365   1     -6   1   2     4  0.380167     122.019       21.6       19.2      2.470  0.337503  0.078390  0.262358  0.911792      5.393501
    366   1      6   1   2     4  0.380792     122.100       33.0       29.3      3.646  0.338057  0.078520  0.262363  0.911437      5.396153
    367   1     -1   6   2     4  0.384118     122.519       32.6       28.1      4.080  0.341012  0.079203  0.262354  0.909602      5.410272
    368   1      1   6   2     4  0.384227     122.533       35.4       30.5      4.457  0.341109  0.079225  0.262352  0.909543      5.410737
    369   1      6   2   0     4  0.404098     124.757      395.8      378.5     16.905  0.358929  0.083007  0.261430  0.900134      5.494938
    370   1     -4   4   4     4  0.406636     125.013      465.1      440.6     23.319  0.361221  0.083461  0.261234  0.899084      5.505674
    371   1      4   4   4     4  0.407754     125.124      496.6      471.0     24.339  0.362233  0.083660  0.261143  0.898630      5.510406
    372   1      2   6   0     4  0.408486     125.197      645.2      612.3     31.330  0.362895  0.083789  0.261083  0.898336      5.513501
    373   1     -2   2   8     4  0.409440     125.290      438.2      415.2     21.790  0.363759  0.083957  0.261002  0.897956      5.517537
    374   1      2   2   8     4  0.410588     125.402      442.1      418.0     22.946  0.364798  0.084158  0.260903  0.897504      5.522388
    375   1     -6   2   1     4  0.418259     126.125        1.8        1.5      0.265  0.371758  0.085476  0.260183  0.894610      5.554812
    376   1      6   2   1     4  0.418722     126.167        0.9        0.7      0.139  0.372179  0.085554  0.260136  0.894442      5.556767
    377   1     -2   6   1     4  0.423391     126.586        7.8        5.8      1.513  0.376427  0.086335  0.259653  0.892789      5.576488
    378   1      2   6   1     4  0.423552     126.601        4.8        3.6      0.937  0.376574  0.086362  0.259636  0.892734      5.577166
    379   1      0   6   3     4  0.424324     126.669       17.0       12.3      3.551  0.377277  0.086490  0.259554  0.892467      5.580429
    380   1      0   4   7     4  0.425411     126.764        7.7        5.0      1.800  0.378268  0.086669  0.259436  0.892096      5.585019
    381   1      5   4   0     4  0.436666     127.712       17.3        6.6      4.332  0.388544  0.088489  0.258151  0.888444      5.632527
    382   1      4   5   0     4  0.438250     127.840        8.3        3.0      2.059  0.389994  0.088740  0.257961  0.887956      5.639214
    383   1      0   3   8     4  0.443079     128.224        0.0        0.0      0.002  0.394416  0.089498  0.257372  0.886508      5.659591
    384   1     -6   1   3     4  0.452589     128.950        0.9        0.8      0.149  0.403141  0.090962  0.256173  0.883806      5.699722
    385   1      6   1   3     4  0.454368     129.082       59.6       51.2      7.240  0.404776  0.091231  0.255943  0.883321      5.707232
    386   1     -5   2   5     4  0.454928     129.123      233.5      203.0     26.542  0.405290  0.091316  0.255871  0.883170      5.709593
    387   1     -5   4   1     4  0.455124     129.138       23.3       20.4      2.595  0.405470  0.091346  0.255846  0.883117      5.710419
    388   1      5   4   1     4  0.455624     129.174        6.6        5.8      0.691  0.405930  0.091421  0.255781  0.882983      5.712530
    389   1     -4   5   1     4  0.456962     129.272       38.6       34.7      3.553  0.407160  0.091623  0.255607  0.882625      5.718179
    390   1      4   5   1     4  0.457367     129.302        7.2        6.5      0.635  0.407532  0.091684  0.255554  0.882518      5.719885
    391   1     -4   1   7     4  0.457374     129.302        2.3        2.1      0.207  0.407539  0.091685  0.255553  0.882516      5.719915
    392   1      5   2   5     4  0.457441     129.307       32.6       29.4      2.855  0.407600  0.091695  0.255545  0.882498      5.720198
    393   1     -2   5   5     4  0.459895     129.484       47.7       44.0      3.440  0.409857  0.092063  0.255224  0.881853      5.730554
    394   1      4   1   7     4  0.460234     129.509       72.1       66.5      5.165  0.410169  0.092113  0.255179  0.881765      5.731986
    395   1     -1   6   3     4  0.460314     129.514       37.5       34.6      2.682  0.410243  0.092125  0.255169  0.881744      5.732324
    396   1      1   6   3     4  0.460624     129.536        4.6        4.3      0.333  0.410528  0.092171  0.255128  0.881664      5.733632
    397   1      2   5   5     4  0.460926     129.558        0.2        0.1      0.011  0.410806  0.092216  0.255088  0.881586      5.734908
    398   1     -1   4   7     4  0.461493     129.598       28.3       26.1      2.118  0.411328  0.092301  0.255014  0.881439      5.737300
    399   1      1   4   7     4  0.462221     129.650      184.9      168.8     14.728  0.411997  0.092409  0.254918  0.881252      5.740372
    400   1     -1   0   9     2  0.462504     129.670       21.6       19.7      1.776  0.412258  0.092451  0.254880  0.881179      2.870784
    401   1      0   1   9     4  0.463182     129.718        2.1        1.9      0.187  0.412882  0.092552  0.254791  0.881006      5.744427
    402   1      1   0   9     2  0.463446     129.737       49.4       44.5      4.499  0.413126  0.092591  0.254756  0.880939      2.872772
    403   1     -6   2   2     4  0.473475     130.428      100.1       94.9      5.126  0.422367  0.094062  0.253418  0.878470      5.787885
    404   1      6   2   2     4  0.474813     130.518      148.1      142.7      5.566  0.423602  0.094256  0.253238  0.878152      5.793539
    405   1     -5   3   4     4  0.475911     130.591       11.2       11.0      0.299  0.424615  0.094415  0.253091  0.877894      5.798177
    406   1      5   3   4     4  0.478177     130.741        9.6        9.6      0.148  0.426706  0.094742  0.252785  0.877366      5.807750
    407   1     -3   5   4     4  0.479970     130.859       39.6       40.7      1.273  0.428362  0.094999  0.252543  0.876953      5.815325
    408   1     -2   6   2     4  0.481110     130.933       29.2       30.1      1.050  0.429414  0.095163  0.252389  0.876693      5.820142
    409   1     -3   1   8     4  0.481133     130.935       35.2       36.4      1.266  0.429436  0.095166  0.252385  0.876688      5.820238
    410   1      3   5   4     4  0.481356     130.949       43.6       44.9      1.543  0.429642  0.095198  0.252355  0.876637      5.821183
    411   1      2   6   2     4  0.481574     130.963       41.7       42.9      1.437  0.429843  0.095229  0.252326  0.876588      5.822099
    412   1     -1   3   8     4  0.483913     131.115       44.7       44.2      1.025  0.432004  0.095563  0.252009  0.876061      5.831984
    413   1      3   1   8     4  0.483933     131.116       16.5       16.3      0.385  0.432022  0.095566  0.252006  0.876057      5.832071
    414   1      1   3   8     4  0.484855     131.175       51.5       49.1      2.595  0.432874  0.095697  0.251881  0.875851      5.835968
    415   1     -3   3   7     4  0.505103     132.420       18.7        8.8      4.908  0.451611  0.098528  0.249132  0.871604      5.921620
    416   1      3   3   7     4  0.507862     132.583       15.7        6.3      4.008  0.454168  0.098907  0.248758  0.871061      5.933304
    417   1     -1   1   9     4  0.509394     132.672        0.3        0.1      0.065  0.455588  0.099117  0.248551  0.870764      5.939795
    418   1      1   1   9     4  0.510596     132.742        0.3        0.1      0.067  0.456703  0.099281  0.248388  0.870532      5.944890
    419   1     -5   4   2     4  0.526649     133.645        7.5        3.4      1.931  0.471598  0.101450  0.246231  0.867568      6.012957
    420   1      5   4   2     4  0.528092     133.723        9.1        4.9      2.305  0.472939  0.101643  0.246038  0.867313      6.019086

   No.  Code     H   K   L  Mult     Hw         2theta      Icalc       Iobs      Sigma      HwG     HwL       ETA       d-hkl        CORR

    421   1     -4   5   2     4  0.529371     133.793       17.0       10.2      4.178  0.474127  0.101814  0.245868  0.867089      6.024516
    422   1     -4   3   6     4  0.529767     133.814        2.0        1.2      0.496  0.474494  0.101867  0.245815  0.867019      6.026197
    423   1      4   5   2     4  0.530539     133.856       17.8       11.2      4.240  0.475212  0.101970  0.245712  0.866885      6.029474
    424   1     -3   4   6     4  0.532237     133.947        6.2        4.0      1.443  0.476790  0.102196  0.245487  0.866591      6.036688
    425   1      4   3   6     4  0.533294     134.004        5.6        3.6      1.316  0.477772  0.102336  0.245347  0.866409      6.041177
    426   1      3   4   6     4  0.534906     134.090       10.1        6.3      2.494  0.479270  0.102550  0.245133  0.866134      6.048025
    427   1      0   5   6     4  0.536222     134.160        0.2        0.1      0.043  0.480493  0.102724  0.244959  0.865910      6.053619
    428   1     -6   0   4     2  0.587020     136.648       44.8       39.6      4.705  0.527800  0.109281  0.238483  0.858232      3.135120
    429   1      6   0   4     2  0.591436     136.848       13.4       12.5      0.828  0.531919  0.109838  0.237944  0.857640      3.144571
    430   1     -5   1   6     4  0.591707     136.860      214.3      200.8     12.896  0.532172  0.109872  0.237911  0.857604      6.290302
    431   1      5   1   6     4  0.597331     137.110      267.5      255.5     11.682  0.537420  0.110578  0.237232  0.856866      6.314397
    432   1      0   6   4     4  0.602636     137.343      186.4      176.5      9.548  0.542372  0.111241  0.236597  0.856185      6.337143
    433   1     -1   5   6     4  0.602968     137.357      116.9      110.5      6.124  0.542682  0.111283  0.236557  0.856143      6.338569
    434   1      1   5   6     4  0.604129     137.408       93.1       87.5      5.329  0.543766  0.111428  0.236419  0.855996      6.343548
    435   1     -6   2   3     4  0.625864     138.325        0.0        0.0      0.003  0.564068  0.114119  0.233889  0.853360      6.436954
    436   1      6   2   3     4  0.629641     138.480        0.1        0.1      0.012  0.567599  0.114583  0.233460  0.852923      6.453220
    437   1     -4   4   5     4  0.635165     138.703       20.1       19.7      1.036  0.572762  0.115260  0.232837  0.852296      6.477019
    438   1     -4   2   7     4  0.636034     138.738        6.7        6.7      0.309  0.573575  0.115367  0.232740  0.852198      6.480764
    439   1      4   4   5     4  0.639495     138.876       17.3       17.7      0.794  0.576810  0.115789  0.232354  0.851812      6.495686
    440   1     -2   6   3     4  0.640670     138.922        2.3        2.4      0.116  0.577909  0.115933  0.232224  0.851682      6.500750
    441   1      2   6   3     4  0.641985     138.974        0.6        0.6      0.033  0.579139  0.116093  0.232078  0.851538      6.506429
    442   1      4   2   7     4  0.642129     138.980        6.7        6.9      0.361  0.579274  0.116111  0.232062  0.851522      6.507051
    443   1     -2   4   7     4  0.642732     139.004       25.3       26.3      1.398  0.579838  0.116184  0.231996  0.851456      6.509650
    444   1      2   4   7     4  0.645831     139.126       25.3       26.2      1.424  0.582736  0.116561  0.231654  0.851118      6.523023
    445   1      0   2   9     4  0.648427     139.227        3.0        3.0      0.165  0.585164  0.116877  0.231370  0.850838      6.534237
    446   1     -6   1   4     4  0.670072     140.048       15.4       17.2      2.129  0.605417  0.119492  0.229056  0.848601      6.627866
    447   1      6   3   0     4  0.671668     140.107       29.2       32.8      4.116  0.606911  0.119684  0.228889  0.848442      6.634777
    448   1      6   1   4     4  0.675873     140.261       37.7       42.0      4.961  0.610848  0.120188  0.228452  0.848028      6.653008
    449   1      3   6   0     4  0.684781     140.583       46.6       50.3      4.261  0.619189  0.121254  0.227538  0.847171      6.691656
    450   1     -3   2   8     4  0.687150     140.668        0.5        0.5      0.035  0.621407  0.121537  0.227298  0.846947      6.701947
    451   1     -1   6   4     4  0.689617     140.756       23.6       24.6      1.393  0.623718  0.121831  0.227049  0.846715      6.712660
    452   1      1   6   4     4  0.690634     140.792       22.8       23.6      1.180  0.624670  0.121952  0.226947  0.846621      6.717081
    453   1     -2   3   8     4  0.690669     140.793        0.3        0.3      0.013  0.624703  0.121956  0.226943  0.846617      6.717231
    454   1      3   2   8     4  0.693253     140.884        1.2        1.2      0.052  0.627123  0.122264  0.226684  0.846378      6.728467
    455   1      2   3   8     4  0.694768     140.937        0.1        0.1      0.003  0.628542  0.122444  0.226533  0.846238      6.735050
    456   1     -6   3   1     4  0.722352     141.877       49.7       44.5      4.747  0.654389  0.125707  0.223858  0.843812      6.855220
    457   1      6   3   1     4  0.724027     141.933        5.5        5.0      0.461  0.655959  0.125904  0.223700  0.843671      6.862526
    458   1     -5   4   3     4  0.727948     142.062       55.4       51.8      3.468  0.659635  0.126365  0.223333  0.843344      6.879655
    459   1      5   4   3     4  0.732216     142.201      105.3      100.4      4.895  0.663636  0.126866  0.222936  0.842993      6.898303
    460   1     -4   5   3     4  0.733450     142.241       13.8       13.2      0.596  0.664793  0.127011  0.222822  0.842892      6.903697
    461   1      4   5   3     4  0.736911     142.353       71.0       68.5      2.562  0.668038  0.127417  0.222504  0.842611      6.918834
    462   1     -3   6   1     4  0.737976     142.387       25.2       24.4      0.871  0.669036  0.127541  0.222406  0.842526      6.923484
    463   1      3   6   1     4  0.738848     142.415        1.4        1.4      0.048  0.669855  0.127644  0.222326  0.842456      6.927309
    464   1     -2   1   9     4  0.746555     142.660       28.8       27.8      1.077  0.677082  0.128544  0.221628  0.841845      6.961038
    465   1     -1   2   9     4  0.749672     142.758      193.9      184.3      9.573  0.680005  0.128908  0.221349  0.841602      6.974689
    466   1      2   1   9     4  0.751947     142.829        1.6        1.5      0.101  0.682139  0.129174  0.221146  0.841426      6.984657
    467   1      1   2   9     4  0.752380     142.843       98.1       91.4      6.438  0.682545  0.129224  0.221107  0.841392      6.986558
    468   1     -5   3   5     4  0.860591     145.908       35.2       32.7      3.099  0.784130  0.141662  0.212429  0.834191      7.464074
    469   1      5   3   5     4  0.870570     146.163       17.6       16.7      1.191  0.793506  0.142795  0.211714  0.833625      7.508424
    470   1     -3   5   5     4  0.875300     146.282       22.6       21.2      1.698  0.797950  0.143331  0.211381  0.833361      7.529458
    471   1      3   5   5     4  0.881465     146.436       23.7       21.5      2.318  0.803742  0.144029  0.210950  0.833023      7.556901
    472   1     -6   3   2     4  0.936164     147.740       34.2       27.6      5.434  0.855157  0.150190  0.207331  0.830227      7.801126
    473   1      6   3   2     4  0.941803     147.868       47.5       38.9      7.172  0.860458  0.150822  0.206978  0.829959      7.826372
    474   1     -5   2   6     4  0.947260     147.992        1.8        1.5      0.271  0.865589  0.151434  0.206639  0.829703      7.850838
    475   1      5   2   6     4  0.961833     148.315        3.1        2.4      0.531  0.879293  0.153065  0.205751  0.829035      7.916206
    476   1     -3   6   2     4  0.963284     148.347       27.0       20.8      4.810  0.880657  0.153227  0.205664  0.828969      7.922709
    477   1      3   6   2     4  0.966262     148.412       29.6       22.3      5.526  0.883458  0.153559  0.205485  0.828836      7.936086
    478   1     -2   5   6     4  0.972077     148.539        1.7        1.2      0.350  0.888926  0.154209  0.205140  0.828578      7.962203
    479   1      2   5   6     4  0.978163     148.670        0.0        0.0      0.008  0.894650  0.154888  0.204782  0.828311      7.989562

     -----------------------------------------------------
     BRAGG R-Factors and weight fractions for Pattern #  1
     -----------------------------------------------------

 => Phase:  1          Sr2 Sc Sb O6
 => Bragg R-factor:   6.11       Vol:  259.607( 0.000)  Fract(%):  100.00( 0.00)
 => Rf-factor=  4.22             ATZ:         875.885   Brindley:  1.0000

     -----------------------------------------------------------------
      SYMBOLIC NAMES AND FINAL VALUES AND SIGMA OF REFINED PARAMETERS:
     -----------------------------------------------------------------


 ------------------------------------------------------------------
 => Number of bytes for floating point variables: 4
 => Dimensions of dynamic allocated arrays in this run of FullProf:
 ------------------------------------------------------------------

 => Total approximate array memory (dynamic + static): 128135225 bytes

    MaxPOINT=    60000 Max.num. of points(+int. Inten.)/diffraction pattern       
    MaxREFLT=    20000 Max.num. of reflections/diffraction pattern               
    MaxPARAM=      300 Max.num. of refinable parameters                          
    MaxOVERL=    18096 Max.num. of overlapping reflections                       

 ----------------------------------------------------------
 => Number of bytes for floating point arrays: 4
 => Dimensions of fixed arrays in this release of FullProf:
 ----------------------------------------------------------

    NPATT   =       80 Max.num. of powder diffraction patterns                    
    NATS    =      830 Max.num. of atoms (all kind) in asymmetric unit            
    MPAR    =     1800 Max.num. of non atomic parameters/phase                    
    IEXCL   =       30 Max.num. of excluded regions                               
    IBACP   =      377 Max.num. of background points for interpolation            
    NPHT    =       16 Max.num. of phases                                         
    NMAGM   =        8 Max.num. of rotation-matrices sets for magnetic structure  
    NBASIS  =       12 Max.num. of basis functions associated to a single atom    
    NIREPS  =        9 Max.num. of irreducible representations to be combined     
    N_EQ    =      384 Max.num. of user-supplied symmetry operators/propagation vectors
    NGL     =      400 Max.num. of global parameters/diffraction pattern          
    N_LINC  =       30 Max.num. of global linear restraints                        
    NAT_P   =       64 Max.num. of atomic parameters per atom                     
    NCONST  =      500 Max.num. of slack constraints per phase                    
    N_SPE   =       30 Max.num. of different chemical species                     
    N_FORM  =       60 Max.num. of scattering factor values in a table            
    NPR     =      150 Max.num. of points defining a numerical profile            
    INPR    =       25 Max.num. of different numerical peak shapes                
    NPRC    =      150 Max.num. of terms in the table for correcting intensities  
    NSOL    =       10 Max.num. of solutions to be stored in Montecarlo searchs   

 
              CPU Time:     1.750 seconds
                            0.029 minutes

 => Run finished at:     Date: 01/07/2022  Time: 18:04:02.567                              
